2023-06-10 23:20:52.7654|Error|[0] [WTelegramClient]
	PHONE_CODE_INVALID | 
2023-06-10 23:22:12.6876|Error|[0] [WTelegramClient]
	PHONE_CODE_INVALID | 
2023-06-10 23:27:10.9029|Error|[0] [System.Private.CoreLib]
	Index was out of range. Must be non-negative and less than the size of the collection. (Parameter 'index') | 
2023-06-10 23:27:12.4289|Error|[0] [System.Private.CoreLib]
	Index was out of range. Must be non-negative and less than the size of the collection. (Parameter 'index') | 
2023-06-10 23:27:14.0299|Error|[0] [System.Private.CoreLib]
	Index was out of range. Must be non-negative and less than the size of the collection. (Parameter 'index') | 
2023-06-10 23:27:15.6031|Error|[0] [System.Private.CoreLib]
	Index was out of range. Must be non-negative and less than the size of the collection. (Parameter 'index') | 
2023-06-10 23:27:17.1187|Error|[0] [System.Private.CoreLib]
	Index was out of range. Must be non-negative and less than the size of the collection. (Parameter 'index') | 
2023-06-10 23:27:18.6263|Error|[0] [System.Private.CoreLib]
	Index was out of range. Must be non-negative and less than the size of the collection. (Parameter 'index') | 
2023-06-10 23:27:20.1701|Error|[0] [System.Private.CoreLib]
	Index was out of range. Must be non-negative and less than the size of the collection. (Parameter 'index') | 
2023-06-10 23:27:21.6723|Error|[0] [System.Private.CoreLib]
	Index was out of range. Must be non-negative and less than the size of the collection. (Parameter 'index') | 
2023-06-10 23:27:23.2913|Error|[0] [System.Private.CoreLib]
	Index was out of range. Must be non-negative and less than the size of the collection. (Parameter 'index') | 
2023-06-10 23:27:24.8019|Error|[0] [System.Private.CoreLib]
	Index was out of range. Must be non-negative and less than the size of the collection. (Parameter 'index') | 
2023-06-10 23:27:26.3395|Error|[0] [System.Private.CoreLib]
	Index was out of range. Must be non-negative and less than the size of the collection. (Parameter 'index') | 
2023-06-10 23:27:27.9607|Error|[0] [System.Private.CoreLib]
	Index was out of range. Must be non-negative and less than the size of the collection. (Parameter 'index') | 
2023-06-10 23:27:29.7073|Error|[0] [System.Private.CoreLib]
	Index was out of range. Must be non-negative and less than the size of the collection. (Parameter 'index') | 
2023-06-10 23:27:31.1952|Error|[0] [System.Private.CoreLib]
	Index was out of range. Must be non-negative and less than the size of the collection. (Parameter 'index') | 
2023-06-10 23:27:32.9039|Error|[0] [System.Private.CoreLib]
	Index was out of range. Must be non-negative and less than the size of the collection. (Parameter 'index') | 
2023-06-10 23:29:15.5184|Error|Telegram.Service.Connect: [0] [WTelegramClient]
	PHONE_CODE_INVALID | 
2023-06-10 23:29:19.9432|Error|Telegram.Service.Connect: [0] [WTelegramClient]
	PHONE_CODE_INVALID | 
2023-06-10 23:30:26.8267|Error|Telegram.Service.displayMessage: [0] [System.Private.CoreLib]
	Index was out of range. Must be non-negative and less than the size of the collection. (Parameter 'index') | 
2023-06-10 23:30:28.3662|Error|Telegram.Service.displayMessage: [0] [System.Private.CoreLib]
	Index was out of range. Must be non-negative and less than the size of the collection. (Parameter 'index') | 
2023-06-10 23:30:29.9376|Error|Telegram.Service.displayMessage: [0] [System.Private.CoreLib]
	Index was out of range. Must be non-negative and less than the size of the collection. (Parameter 'index') | 
2023-06-10 23:30:31.4790|Error|Telegram.Service.displayMessage: [0] [System.Private.CoreLib]
	Index was out of range. Must be non-negative and less than the size of the collection. (Parameter 'index') | 
2023-06-10 23:30:32.9596|Error|Telegram.Service.displayMessage: [0] [System.Private.CoreLib]
	Index was out of range. Must be non-negative and less than the size of the collection. (Parameter 'index') | 
2023-06-10 23:30:34.5269|Error|Telegram.Service.displayMessage: [0] [System.Private.CoreLib]
	Index was out of range. Must be non-negative and less than the size of the collection. (Parameter 'index') | 
2023-06-10 23:30:36.0229|Error|Telegram.Service.displayMessage: [0] [System.Private.CoreLib]
	Index was out of range. Must be non-negative and less than the size of the collection. (Parameter 'index') | 
2023-06-10 23:30:37.5855|Error|Telegram.Service.displayMessage: [0] [System.Private.CoreLib]
	Index was out of range. Must be non-negative and less than the size of the collection. (Parameter 'index') | 
2023-06-10 23:30:39.1399|Error|Telegram.Service.displayMessage: [0] [System.Private.CoreLib]
	Index was out of range. Must be non-negative and less than the size of the collection. (Parameter 'index') | 
2023-06-10 23:30:40.6732|Error|Telegram.Service.displayMessage: [0] [System.Private.CoreLib]
	Index was out of range. Must be non-negative and less than the size of the collection. (Parameter 'index') | 
2023-06-10 23:30:42.3059|Error|Telegram.Service.displayMessage: [0] [System.Private.CoreLib]
	Index was out of range. Must be non-negative and less than the size of the collection. (Parameter 'index') | 
2023-06-10 23:30:43.8440|Error|Telegram.Service.displayMessage: [0] [System.Private.CoreLib]
	Index was out of range. Must be non-negative and less than the size of the collection. (Parameter 'index') | 
2023-06-10 23:30:45.2705|Error|Telegram.Service.displayMessage: [0] [System.Private.CoreLib]
	Index was out of range. Must be non-negative and less than the size of the collection. (Parameter 'index') | 
2023-06-10 23:30:46.9238|Error|Telegram.Service.displayMessage: [0] [System.Private.CoreLib]
	Index was out of range. Must be non-negative and less than the size of the collection. (Parameter 'index') | 
2023-06-10 23:30:48.6504|Error|Telegram.Service.displayMessage: [0] [System.Private.CoreLib]
	Index was out of range. Must be non-negative and less than the size of the collection. (Parameter 'index') | 
2023-06-10 23:30:50.1261|Error|Telegram.Service.displayMessage: [0] [System.Private.CoreLib]
	Index was out of range. Must be non-negative and less than the size of the collection. (Parameter 'index') | 
2023-06-10 23:30:51.6406|Error|Telegram.Service.displayMessage: [0] [System.Private.CoreLib]
	Index was out of range. Must be non-negative and less than the size of the collection. (Parameter 'index') | 
2023-06-10 23:30:53.2966|Error|Telegram.Service.displayMessage: [0] [System.Private.CoreLib]
	Index was out of range. Must be non-negative and less than the size of the collection. (Parameter 'index') | 
2023-06-10 23:30:54.9286|Error|Telegram.Service.displayMessage: [0] [System.Private.CoreLib]
	Index was out of range. Must be non-negative and less than the size of the collection. (Parameter 'index') | 
2023-06-10 23:30:56.5756|Error|Telegram.Service.displayMessage: [0] [System.Private.CoreLib]
	Index was out of range. Must be non-negative and less than the size of the collection. (Parameter 'index') | 
2023-06-10 23:30:57.9928|Error|Telegram.Service.displayMessage: [0] [System.Private.CoreLib]
	Index was out of range. Must be non-negative and less than the size of the collection. (Parameter 'index') | 
2023-06-10 23:30:59.6323|Error|Telegram.Service.displayMessage: [0] [System.Private.CoreLib]
	Index was out of range. Must be non-negative and less than the size of the collection. (Parameter 'index') | 
2023-06-10 23:31:01.2920|Error|Telegram.Service.displayMessage: [0] [System.Private.CoreLib]
	Index was out of range. Must be non-negative and less than the size of the collection. (Parameter 'index') | 
2023-06-10 23:31:02.8960|Error|Telegram.Service.displayMessage: [0] [System.Private.CoreLib]
	Index was out of range. Must be non-negative and less than the size of the collection. (Parameter 'index') | 
2023-06-10 23:31:04.5310|Error|Telegram.Service.displayMessage: [0] [System.Private.CoreLib]
	Index was out of range. Must be non-negative and less than the size of the collection. (Parameter 'index') | 
2023-06-10 23:31:06.2667|Error|Telegram.Service.displayMessage: [0] [System.Private.CoreLib]
	Index was out of range. Must be non-negative and less than the size of the collection. (Parameter 'index') | 
2023-06-10 23:31:07.7259|Error|Telegram.Service.displayMessage: [0] [System.Private.CoreLib]
	Index was out of range. Must be non-negative and less than the size of the collection. (Parameter 'index') | 
2023-06-10 23:31:09.2577|Error|Telegram.Service.displayMessage: [0] [System.Private.CoreLib]
	Index was out of range. Must be non-negative and less than the size of the collection. (Parameter 'index') | 
2023-06-10 23:31:10.7833|Error|Telegram.Service.displayMessage: [0] [System.Private.CoreLib]
	Index was out of range. Must be non-negative and less than the size of the collection. (Parameter 'index') | 
2023-06-10 23:31:12.3358|Error|Telegram.Service.displayMessage: [0] [System.Private.CoreLib]
	Index was out of range. Must be non-negative and less than the size of the collection. (Parameter 'index') | 
2023-06-10 23:31:13.9411|Error|Telegram.Service.displayMessage: [0] [System.Private.CoreLib]
	Index was out of range. Must be non-negative and less than the size of the collection. (Parameter 'index') | 
2023-06-10 23:31:15.4907|Error|Telegram.Service.displayMessage: [0] [System.Private.CoreLib]
	Index was out of range. Must be non-negative and less than the size of the collection. (Parameter 'index') | 
2023-06-10 23:31:17.0238|Error|Telegram.Service.displayMessage: [0] [System.Private.CoreLib]
	Index was out of range. Must be non-negative and less than the size of the collection. (Parameter 'index') | 
2023-06-10 23:31:18.5541|Error|Telegram.Service.displayMessage: [0] [System.Private.CoreLib]
	Index was out of range. Must be non-negative and less than the size of the collection. (Parameter 'index') | 
2023-06-10 23:31:20.1592|Error|Telegram.Service.displayMessage: [0] [System.Private.CoreLib]
	Index was out of range. Must be non-negative and less than the size of the collection. (Parameter 'index') | 
2023-06-10 23:31:21.6944|Error|Telegram.Service.displayMessage: [0] [System.Private.CoreLib]
	Index was out of range. Must be non-negative and less than the size of the collection. (Parameter 'index') | 
2023-06-10 23:31:23.2313|Error|Telegram.Service.displayMessage: [0] [System.Private.CoreLib]
	Index was out of range. Must be non-negative and less than the size of the collection. (Parameter 'index') | 
2023-06-10 23:31:35.6624|Error|Telegram.Service.Connect: [0] [WTelegramClient]
	PHONE_CODE_INVALID | 
2023-06-10 23:31:48.2724|Error|Telegram.Service.Connect: [0] [WTelegramClient]
	PHONE_CODE_INVALID | 
2023-06-10 23:32:21.1508|Error|Telegram.Service.onUpdate: [0] [System.Private.CoreLib]
	Index was out of range. Must be non-negative and less than the size of the collection. (Parameter 'index') | 
2023-06-10 23:32:22.8774|Error|Telegram.Service.onUpdate: [0] [System.Private.CoreLib]
	Index was out of range. Must be non-negative and less than the size of the collection. (Parameter 'index') | 
2023-06-10 23:32:24.3784|Error|Telegram.Service.onUpdate: [0] [System.Private.CoreLib]
	Index was out of range. Must be non-negative and less than the size of the collection. (Parameter 'index') | 
2023-06-10 23:32:25.9279|Error|Telegram.Service.onUpdate: [0] [System.Private.CoreLib]
	Index was out of range. Must be non-negative and less than the size of the collection. (Parameter 'index') | 
2023-06-10 23:32:44.2417|Error|Telegram.Service.Connect: [0] [WTelegramClient]
	PHONE_CODE_INVALID | 
2023-06-10 23:33:12.3550|Error|Telegram.Service.Connect: [0] [WTelegramClient]
	PHONE_CODE_INVALID | 
2023-06-10 23:33:16.0185|Error|Telegram.Service.Start: [123] [uTgAuto.Services]
	Object reference not set to an instance of an object. | 
2023-06-10 23:35:44.2305|Error|Telegram.Service.onUpdate: [0] [System.Private.CoreLib]
	Index was out of range. Must be non-negative and less than the size of the collection. (Parameter 'index') | 
2023-06-10 23:35:45.4062|Error|Telegram.Service.onUpdate: [0] [System.Private.CoreLib]
	Index was out of range. Must be non-negative and less than the size of the collection. (Parameter 'index') | 
2023-06-10 23:35:46.9242|Error|Telegram.Service.onUpdate: [0] [System.Private.CoreLib]
	Index was out of range. Must be non-negative and less than the size of the collection. (Parameter 'index') | 
2023-06-10 23:35:48.4146|Error|Telegram.Service.onUpdate: [0] [System.Private.CoreLib]
	Index was out of range. Must be non-negative and less than the size of the collection. (Parameter 'index') | 
2023-06-10 23:35:49.9229|Error|Telegram.Service.onUpdate: [0] [System.Private.CoreLib]
	Index was out of range. Must be non-negative and less than the size of the collection. (Parameter 'index') | 
2023-06-10 23:35:51.4784|Error|Telegram.Service.onUpdate: [0] [System.Private.CoreLib]
	Index was out of range. Must be non-negative and less than the size of the collection. (Parameter 'index') | 
2023-06-10 23:35:52.9627|Error|Telegram.Service.onUpdate: [0] [System.Private.CoreLib]
	Index was out of range. Must be non-negative and less than the size of the collection. (Parameter 'index') | 
2023-06-10 23:35:54.4368|Error|Telegram.Service.onUpdate: [0] [System.Private.CoreLib]
	Index was out of range. Must be non-negative and less than the size of the collection. (Parameter 'index') | 
2023-06-10 23:35:56.0002|Error|Telegram.Service.onUpdate: [0] [System.Private.CoreLib]
	Index was out of range. Must be non-negative and less than the size of the collection. (Parameter 'index') | 
2023-06-10 23:35:57.5379|Error|Telegram.Service.onUpdate: [0] [System.Private.CoreLib]
	Index was out of range. Must be non-negative and less than the size of the collection. (Parameter 'index') | 
2023-06-10 23:35:59.0610|Error|Telegram.Service.onUpdate: [0] [System.Private.CoreLib]
	Index was out of range. Must be non-negative and less than the size of the collection. (Parameter 'index') | 
2023-06-10 23:36:00.7459|Error|Telegram.Service.onUpdate: [0] [System.Private.CoreLib]
	Index was out of range. Must be non-negative and less than the size of the collection. (Parameter 'index') | 
2023-06-10 23:36:02.2476|Error|Telegram.Service.onUpdate: [0] [System.Private.CoreLib]
	Index was out of range. Must be non-negative and less than the size of the collection. (Parameter 'index') | 
2023-06-10 23:36:03.8616|Error|Telegram.Service.onUpdate: [0] [System.Private.CoreLib]
	Index was out of range. Must be non-negative and less than the size of the collection. (Parameter 'index') | 
2023-06-10 23:36:05.5209|Error|Telegram.Service.onUpdate: [0] [System.Private.CoreLib]
	Index was out of range. Must be non-negative and less than the size of the collection. (Parameter 'index') | 
2023-06-10 23:36:07.1352|Error|Telegram.Service.onUpdate: [0] [System.Private.CoreLib]
	Index was out of range. Must be non-negative and less than the size of the collection. (Parameter 'index') | 
2023-06-10 23:36:08.6010|Error|Telegram.Service.onUpdate: [0] [System.Private.CoreLib]
	Index was out of range. Must be non-negative and less than the size of the collection. (Parameter 'index') | 
2023-06-10 23:36:10.1232|Error|Telegram.Service.onUpdate: [0] [System.Private.CoreLib]
	Index was out of range. Must be non-negative and less than the size of the collection. (Parameter 'index') | 
2023-06-10 23:36:11.8600|Error|Telegram.Service.onUpdate: [0] [System.Private.CoreLib]
	Index was out of range. Must be non-negative and less than the size of the collection. (Parameter 'index') | 
2023-06-10 23:36:13.3642|Error|Telegram.Service.onUpdate: [0] [System.Private.CoreLib]
	Index was out of range. Must be non-negative and less than the size of the collection. (Parameter 'index') | 
2023-06-10 23:36:15.0130|Error|Telegram.Service.onUpdate: [0] [System.Private.CoreLib]
	Index was out of range. Must be non-negative and less than the size of the collection. (Parameter 'index') | 
2023-06-10 23:36:16.7166|Error|Telegram.Service.onUpdate: [0] [System.Private.CoreLib]
	Index was out of range. Must be non-negative and less than the size of the collection. (Parameter 'index') | 
2023-06-10 23:36:18.3467|Error|Telegram.Service.onUpdate: [0] [System.Private.CoreLib]
	Index was out of range. Must be non-negative and less than the size of the collection. (Parameter 'index') | 
2023-06-10 23:36:19.8268|Error|Telegram.Service.onUpdate: [0] [System.Private.CoreLib]
	Index was out of range. Must be non-negative and less than the size of the collection. (Parameter 'index') | 
2023-06-10 23:36:31.4459|Error|Telegram.Service.Connect: [0] [WTelegramClient]
	PHONE_CODE_INVALID | 
2023-06-10 23:36:47.8784|Error|Telegram.Service.Connect: [0] [WTelegramClient]
	PHONE_CODE_INVALID | 
2023-06-10 23:36:49.3613|Error|Telegram.Service.Start: [123] [uTgAuto.Services]
	Object reference not set to an instance of an object. | 
2023-06-10 23:39:30.1456|Error|Telegram.Service.Connect: [0] [WTelegramClient]
	PHONE_CODE_INVALID | 
2023-06-10 23:40:01.7351|Error|Telegram.Service.displayMessage: [0] [System.Private.CoreLib]
	Index was out of range. Must be non-negative and less than the size of the collection. (Parameter 'index') | 
2023-06-10 23:40:07.7989|Error|Telegram.Service.displayMessage: [0] [System.Private.CoreLib]
	Index was out of range. Must be non-negative and less than the size of the collection. (Parameter 'index') | 
2023-06-10 23:40:13.5472|Error|Telegram.Service.Connect: [0] [WTelegramClient]
	PHONE_CODE_INVALID | 
2023-06-10 23:41:05.6412|Error|Telegram.Service.displayMessage: [0] [System.Private.CoreLib]
	Index was out of range. Must be non-negative and less than the size of the collection. (Parameter 'index') | 
2023-06-10 23:41:07.2326|Error|Telegram.Service.displayMessage: [0] [System.Private.CoreLib]
	Index was out of range. Must be non-negative and less than the size of the collection. (Parameter 'index') | 
2023-06-10 23:41:08.8093|Error|Telegram.Service.displayMessage: [0] [System.Private.CoreLib]
	Index was out of range. Must be non-negative and less than the size of the collection. (Parameter 'index') | 
2023-06-10 23:41:10.3132|Error|Telegram.Service.displayMessage: [0] [System.Private.CoreLib]
	Index was out of range. Must be non-negative and less than the size of the collection. (Parameter 'index') | 
2023-06-10 23:41:11.9689|Error|Telegram.Service.displayMessage: [0] [System.Private.CoreLib]
	Index was out of range. Must be non-negative and less than the size of the collection. (Parameter 'index') | 
2023-06-10 23:41:13.5056|Error|Telegram.Service.displayMessage: [0] [System.Private.CoreLib]
	Index was out of range. Must be non-negative and less than the size of the collection. (Parameter 'index') | 
2023-06-10 23:41:15.1311|Error|Telegram.Service.displayMessage: [0] [System.Private.CoreLib]
	Index was out of range. Must be non-negative and less than the size of the collection. (Parameter 'index') | 
2023-06-10 23:41:16.6882|Error|Telegram.Service.displayMessage: [0] [System.Private.CoreLib]
	Index was out of range. Must be non-negative and less than the size of the collection. (Parameter 'index') | 
2023-06-10 23:41:18.2930|Error|Telegram.Service.displayMessage: [0] [System.Private.CoreLib]
	Index was out of range. Must be non-negative and less than the size of the collection. (Parameter 'index') | 
2023-06-10 23:41:19.9575|Error|Telegram.Service.displayMessage: [0] [System.Private.CoreLib]
	Index was out of range. Must be non-negative and less than the size of the collection. (Parameter 'index') | 
2023-06-10 23:41:21.5791|Error|Telegram.Service.displayMessage: [0] [System.Private.CoreLib]
	Index was out of range. Must be non-negative and less than the size of the collection. (Parameter 'index') | 
2023-06-10 23:41:23.1392|Error|Telegram.Service.displayMessage: [0] [System.Private.CoreLib]
	Index was out of range. Must be non-negative and less than the size of the collection. (Parameter 'index') | 
2023-06-10 23:41:24.6061|Error|Telegram.Service.displayMessage: [0] [System.Private.CoreLib]
	Index was out of range. Must be non-negative and less than the size of the collection. (Parameter 'index') | 
2023-06-10 23:41:26.1896|Error|Telegram.Service.displayMessage: [0] [System.Private.CoreLib]
	Index was out of range. Must be non-negative and less than the size of the collection. (Parameter 'index') | 
2023-06-10 23:41:27.7041|Error|Telegram.Service.displayMessage: [0] [System.Private.CoreLib]
	Index was out of range. Must be non-negative and less than the size of the collection. (Parameter 'index') | 
2023-06-10 23:41:29.2974|Error|Telegram.Service.displayMessage: [0] [System.Private.CoreLib]
	Index was out of range. Must be non-negative and less than the size of the collection. (Parameter 'index') | 
2023-06-10 23:41:30.9247|Error|Telegram.Service.displayMessage: [0] [System.Private.CoreLib]
	Index was out of range. Must be non-negative and less than the size of the collection. (Parameter 'index') | 
2023-06-10 23:41:32.5530|Error|Telegram.Service.displayMessage: [0] [System.Private.CoreLib]
	Index was out of range. Must be non-negative and less than the size of the collection. (Parameter 'index') | 
2023-06-10 23:41:34.3073|Error|Telegram.Service.displayMessage: [0] [System.Private.CoreLib]
	Index was out of range. Must be non-negative and less than the size of the collection. (Parameter 'index') | 
2023-06-10 23:41:35.8228|Error|Telegram.Service.displayMessage: [0] [System.Private.CoreLib]
	Index was out of range. Must be non-negative and less than the size of the collection. (Parameter 'index') | 
2023-06-10 23:41:37.3498|Error|Telegram.Service.displayMessage: [0] [System.Private.CoreLib]
	Index was out of range. Must be non-negative and less than the size of the collection. (Parameter 'index') | 
2023-06-10 23:41:38.9264|Error|Telegram.Service.displayMessage: [0] [System.Private.CoreLib]
	Index was out of range. Must be non-negative and less than the size of the collection. (Parameter 'index') | 
2023-06-10 23:42:00.9502|Error|Telegram.Service.Connect: [0] [WTelegramClient]
	PHONE_CODE_INVALID | 
2023-06-10 23:42:09.6615|Error|Telegram.Service.Connect: [0] [WTelegramClient]
	PHONE_CODE_INVALID | 
2023-06-10 23:43:37.7784|Error|Telegram.Service.displayMessage: [0] [System.Private.CoreLib]
	Index was out of range. Must be non-negative and less than the size of the collection. (Parameter 'index') | 
2023-06-10 23:43:40.9270|Error|Telegram.Service.displayMessage: [0] [System.Private.CoreLib]
	Index was out of range. Must be non-negative and less than the size of the collection. (Parameter 'index') | 
2023-06-10 23:43:43.3052|Error|Telegram.Service.displayMessage: [0] [System.Private.CoreLib]
	Index was out of range. Must be non-negative and less than the size of the collection. (Parameter 'index') | 
2023-06-10 23:43:44.6269|Error|Telegram.Service.displayMessage: [0] [System.Private.CoreLib]
	Index was out of range. Must be non-negative and less than the size of the collection. (Parameter 'index') | 
2023-06-10 23:43:46.1349|Error|Telegram.Service.displayMessage: [0] [System.Private.CoreLib]
	Index was out of range. Must be non-negative and less than the size of the collection. (Parameter 'index') | 
2023-06-10 23:43:47.7190|Error|Telegram.Service.displayMessage: [0] [System.Private.CoreLib]
	Index was out of range. Must be non-negative and less than the size of the collection. (Parameter 'index') | 
2023-06-10 23:43:48.5934|Error|Telegram.Service.displayMessage: [0] [System.Private.CoreLib]
	Index was out of range. Must be non-negative and less than the size of the collection. (Parameter 'index') | 
2023-06-10 23:44:47.1702|Error|Telegram.Service.displayMessage: [0] [System.Private.CoreLib]
	Index was out of range. Must be non-negative and less than the size of the collection. (Parameter 'index') | 
2023-06-10 23:45:18.2705|Error|Telegram.Service.displayMessage: [0] [System.Private.CoreLib]
	Index was out of range. Must be non-negative and less than the size of the collection. (Parameter 'index') | 
2023-06-10 23:47:13.2175|Warn|[0] [WTelegramClient]
	You must connect to Telegram first | 
2023-06-10 23:47:13.7009|Error|BotService.handleErrorAsync: [0] [Telegram.Bot]
	Exception during making request | 
2023-06-10 23:47:22.1521|Warn|[0] [WTelegramClient]
	You must connect to Telegram first | 
2023-06-10 23:47:58.5630|Error|Telegram.Service.Connect: [0] [WTelegramClient]
	PHONE_CODE_INVALID | 
2023-06-10 23:48:09.8513|Error|Telegram.Service.Connect: [0] [WTelegramClient]
	PHONE_CODE_INVALID | 
2023-06-10 23:48:56.1177|Error|Telegram.Service.onUpdate: [0] [System.Private.CoreLib]
	Index was out of range. Must be non-negative and less than the size of the collection. (Parameter 'index') | 
2023-06-10 23:49:11.2511|Error|Telegram.Service.onUpdate: [0] [System.Private.CoreLib]
	Index was out of range. Must be non-negative and less than the size of the collection. (Parameter 'index') | 
2023-06-10 23:49:12.8339|Error|Telegram.Service.onUpdate: [0] [System.Private.CoreLib]
	Index was out of range. Must be non-negative and less than the size of the collection. (Parameter 'index') | 
2023-06-10 23:49:14.3443|Error|Telegram.Service.onUpdate: [0] [System.Private.CoreLib]
	Index was out of range. Must be non-negative and less than the size of the collection. (Parameter 'index') | 
2023-06-10 23:49:15.9037|Error|Telegram.Service.onUpdate: [0] [System.Private.CoreLib]
	Index was out of range. Must be non-negative and less than the size of the collection. (Parameter 'index') | 
2023-06-10 23:49:17.4894|Error|Telegram.Service.onUpdate: [0] [System.Private.CoreLib]
	Index was out of range. Must be non-negative and less than the size of the collection. (Parameter 'index') | 
2023-06-10 23:49:19.2110|Error|Telegram.Service.onUpdate: [0] [System.Private.CoreLib]
	Index was out of range. Must be non-negative and less than the size of the collection. (Parameter 'index') | 
2023-06-10 23:49:20.8111|Error|Telegram.Service.onUpdate: [0] [System.Private.CoreLib]
	Index was out of range. Must be non-negative and less than the size of the collection. (Parameter 'index') | 
2023-06-10 23:49:22.3753|Error|Telegram.Service.onUpdate: [0] [System.Private.CoreLib]
	Index was out of range. Must be non-negative and less than the size of the collection. (Parameter 'index') | 
2023-06-10 23:49:44.5012|Error|Telegram.Service.Connect: [0] [WTelegramClient]
	PHONE_CODE_INVALID | 
2023-06-10 23:52:29.9552|Error|Telegram.Service.Connect: [0] [WTelegramClient]
	PHONE_CODE_INVALID | 
2023-06-10 23:52:34.4233|Error|Telegram.Service.Connect: [0] [WTelegramClient]
	PHONE_CODE_INVALID | 
2023-06-10 23:53:02.4066|Error|Telegram.Service.displayMessage: [0] [System.Private.CoreLib]
	Index was out of range. Must be non-negative and less than the size of the collection. (Parameter 'index')

System.ArgumentOutOfRangeException: Index was out of range. Must be non-negative and less than the size of the collection. (Parameter 'index')
   at System.Collections.Generic.List`1.get_Item(Int32 index)
   at uTgAuto.Services.TelegramService.displayMessage(MessageBase messageBase) in U:\Dev\Both\uTgAuto\uTgAuto.Services\TelegramService.cs:line 406 | 
2023-06-10 23:53:03.9388|Error|Telegram.Service.displayMessage: [0] [System.Private.CoreLib]
	Index was out of range. Must be non-negative and less than the size of the collection. (Parameter 'index')

System.ArgumentOutOfRangeException: Index was out of range. Must be non-negative and less than the size of the collection. (Parameter 'index')
   at System.Collections.Generic.List`1.get_Item(Int32 index)
   at uTgAuto.Services.TelegramService.displayMessage(MessageBase messageBase) in U:\Dev\Both\uTgAuto\uTgAuto.Services\TelegramService.cs:line 406 | 
2023-06-10 23:53:05.4710|Error|Telegram.Service.displayMessage: [0] [System.Private.CoreLib]
	Index was out of range. Must be non-negative and less than the size of the collection. (Parameter 'index')

System.ArgumentOutOfRangeException: Index was out of range. Must be non-negative and less than the size of the collection. (Parameter 'index')
   at System.Collections.Generic.List`1.get_Item(Int32 index)
   at uTgAuto.Services.TelegramService.displayMessage(MessageBase messageBase) in U:\Dev\Both\uTgAuto\uTgAuto.Services\TelegramService.cs:line 406 | 
2023-06-10 23:53:07.1543|Error|Telegram.Service.displayMessage: [0] [System.Private.CoreLib]
	Index was out of range. Must be non-negative and less than the size of the collection. (Parameter 'index')

System.ArgumentOutOfRangeException: Index was out of range. Must be non-negative and less than the size of the collection. (Parameter 'index')
   at System.Collections.Generic.List`1.get_Item(Int32 index)
   at uTgAuto.Services.TelegramService.displayMessage(MessageBase messageBase) in U:\Dev\Both\uTgAuto\uTgAuto.Services\TelegramService.cs:line 406 | 
2023-06-10 23:53:08.5340|Error|Telegram.Service.displayMessage: [0] [System.Private.CoreLib]
	Index was out of range. Must be non-negative and less than the size of the collection. (Parameter 'index')

System.ArgumentOutOfRangeException: Index was out of range. Must be non-negative and less than the size of the collection. (Parameter 'index')
   at System.Collections.Generic.List`1.get_Item(Int32 index)
   at uTgAuto.Services.TelegramService.displayMessage(MessageBase messageBase) in U:\Dev\Both\uTgAuto\uTgAuto.Services\TelegramService.cs:line 406 | 
2023-06-10 23:53:10.1085|Error|Telegram.Service.displayMessage: [0] [System.Private.CoreLib]
	Index was out of range. Must be non-negative and less than the size of the collection. (Parameter 'index')

System.ArgumentOutOfRangeException: Index was out of range. Must be non-negative and less than the size of the collection. (Parameter 'index')
   at System.Collections.Generic.List`1.get_Item(Int32 index)
   at uTgAuto.Services.TelegramService.displayMessage(MessageBase messageBase) in U:\Dev\Both\uTgAuto\uTgAuto.Services\TelegramService.cs:line 406 | 
2023-06-10 23:55:03.5996|Error|Telegram.Service.Connect: [0] [WTelegramClient]
	PHONE_CODE_INVALID | 
2023-06-10 23:55:09.6798|Error|Telegram.Service.Connect: [0] [WTelegramClient]
	PHONE_CODE_INVALID | 
2023-06-10 23:55:28.5431|Error|Telegram.Service.displayMessage: [0] [System.Private.CoreLib]
	Index was out of range. Must be non-negative and less than the size of the collection. (Parameter 'index')

System.ArgumentOutOfRangeException: Index was out of range. Must be non-negative and less than the size of the collection. (Parameter 'index')
   at System.Collections.Generic.List`1.get_Item(Int32 index)
   at uTgAuto.Services.TelegramService.displayMessage(MessageBase messageBase) in U:\Dev\Both\uTgAuto\uTgAuto.Services\TelegramService.cs:line 318 | 
2023-06-10 23:55:28.5454|Error|Telegram.Service.displayMessage: [0] [System.Private.CoreLib]
	Index was out of range. Must be non-negative and less than the size of the collection. (Parameter 'index')

System.ArgumentOutOfRangeException: Index was out of range. Must be non-negative and less than the size of the collection. (Parameter 'index')
   at System.Collections.Generic.List`1.get_Item(Int32 index)
   at uTgAuto.Services.TelegramService.displayMessage(MessageBase messageBase) in U:\Dev\Both\uTgAuto\uTgAuto.Services\TelegramService.cs:line 318 | 
2023-06-10 23:56:07.1222|Error|SROCHNO!!! 0	1 | 
2023-06-10 23:56:07.1232|Error|Telegram.Service.displayMessage: [0] [System.Private.CoreLib]
	Index was out of range. Must be non-negative and less than the size of the collection. (Parameter 'index')

System.ArgumentOutOfRangeException: Index was out of range. Must be non-negative and less than the size of the collection. (Parameter 'index')
   at System.Collections.Generic.List`1.get_Item(Int32 index)
   at uTgAuto.Services.TelegramService.displayMessage(MessageBase messageBase) in U:\Dev\Both\uTgAuto\uTgAuto.Services\TelegramService.cs:line 407 | 
2023-06-10 23:56:08.6774|Error|SROCHNO!!! 0	1 | 
2023-06-10 23:56:08.6774|Error|Telegram.Service.displayMessage: [0] [System.Private.CoreLib]
	Index was out of range. Must be non-negative and less than the size of the collection. (Parameter 'index')

System.ArgumentOutOfRangeException: Index was out of range. Must be non-negative and less than the size of the collection. (Parameter 'index')
   at System.Collections.Generic.List`1.get_Item(Int32 index)
   at uTgAuto.Services.TelegramService.displayMessage(MessageBase messageBase) in U:\Dev\Both\uTgAuto\uTgAuto.Services\TelegramService.cs:line 407 | 
2023-06-10 23:56:10.3357|Error|SROCHNO!!! 0	1 | 
2023-06-10 23:56:10.3357|Error|Telegram.Service.displayMessage: [0] [System.Private.CoreLib]
	Index was out of range. Must be non-negative and less than the size of the collection. (Parameter 'index')

System.ArgumentOutOfRangeException: Index was out of range. Must be non-negative and less than the size of the collection. (Parameter 'index')
   at System.Collections.Generic.List`1.get_Item(Int32 index)
   at uTgAuto.Services.TelegramService.displayMessage(MessageBase messageBase) in U:\Dev\Both\uTgAuto\uTgAuto.Services\TelegramService.cs:line 407 | 
2023-06-10 23:56:12.0096|Error|SROCHNO!!! 0	1 | 
2023-06-10 23:56:12.0096|Error|Telegram.Service.displayMessage: [0] [System.Private.CoreLib]
	Index was out of range. Must be non-negative and less than the size of the collection. (Parameter 'index')

System.ArgumentOutOfRangeException: Index was out of range. Must be non-negative and less than the size of the collection. (Parameter 'index')
   at System.Collections.Generic.List`1.get_Item(Int32 index)
   at uTgAuto.Services.TelegramService.displayMessage(MessageBase messageBase) in U:\Dev\Both\uTgAuto\uTgAuto.Services\TelegramService.cs:line 407 | 
2023-06-10 23:56:13.5692|Error|SROCHNO!!! 0	1 | 
2023-06-10 23:56:13.5692|Error|Telegram.Service.displayMessage: [0] [System.Private.CoreLib]
	Index was out of range. Must be non-negative and less than the size of the collection. (Parameter 'index')

System.ArgumentOutOfRangeException: Index was out of range. Must be non-negative and less than the size of the collection. (Parameter 'index')
   at System.Collections.Generic.List`1.get_Item(Int32 index)
   at uTgAuto.Services.TelegramService.displayMessage(MessageBase messageBase) in U:\Dev\Both\uTgAuto\uTgAuto.Services\TelegramService.cs:line 407 | 
2023-06-10 23:56:15.0287|Error|SROCHNO!!! 0	1 | 
2023-06-10 23:56:15.0287|Error|Telegram.Service.displayMessage: [0] [System.Private.CoreLib]
	Index was out of range. Must be non-negative and less than the size of the collection. (Parameter 'index')

System.ArgumentOutOfRangeException: Index was out of range. Must be non-negative and less than the size of the collection. (Parameter 'index')
   at System.Collections.Generic.List`1.get_Item(Int32 index)
   at uTgAuto.Services.TelegramService.displayMessage(MessageBase messageBase) in U:\Dev\Both\uTgAuto\uTgAuto.Services\TelegramService.cs:line 407 | 
2023-06-10 23:56:16.7274|Error|SROCHNO!!! 0	1 | 
2023-06-10 23:56:16.7274|Error|Telegram.Service.displayMessage: [0] [System.Private.CoreLib]
	Index was out of range. Must be non-negative and less than the size of the collection. (Parameter 'index')

System.ArgumentOutOfRangeException: Index was out of range. Must be non-negative and less than the size of the collection. (Parameter 'index')
   at System.Collections.Generic.List`1.get_Item(Int32 index)
   at uTgAuto.Services.TelegramService.displayMessage(MessageBase messageBase) in U:\Dev\Both\uTgAuto\uTgAuto.Services\TelegramService.cs:line 407 | 
2023-06-10 23:56:18.1874|Error|SROCHNO!!! 0	1 | 
2023-06-10 23:56:18.1874|Error|Telegram.Service.displayMessage: [0] [System.Private.CoreLib]
	Index was out of range. Must be non-negative and less than the size of the collection. (Parameter 'index')

System.ArgumentOutOfRangeException: Index was out of range. Must be non-negative and less than the size of the collection. (Parameter 'index')
   at System.Collections.Generic.List`1.get_Item(Int32 index)
   at uTgAuto.Services.TelegramService.displayMessage(MessageBase messageBase) in U:\Dev\Both\uTgAuto\uTgAuto.Services\TelegramService.cs:line 407 | 
2023-06-10 23:56:19.6838|Error|SROCHNO!!! 0	1 | 
2023-06-10 23:56:19.6838|Error|Telegram.Service.displayMessage: [0] [System.Private.CoreLib]
	Index was out of range. Must be non-negative and less than the size of the collection. (Parameter 'index')

System.ArgumentOutOfRangeException: Index was out of range. Must be non-negative and less than the size of the collection. (Parameter 'index')
   at System.Collections.Generic.List`1.get_Item(Int32 index)
   at uTgAuto.Services.TelegramService.displayMessage(MessageBase messageBase) in U:\Dev\Both\uTgAuto\uTgAuto.Services\TelegramService.cs:line 407 | 
2023-06-10 23:56:21.2908|Error|SROCHNO!!! 0	1 | 
2023-06-10 23:56:21.2908|Error|Telegram.Service.displayMessage: [0] [System.Private.CoreLib]
	Index was out of range. Must be non-negative and less than the size of the collection. (Parameter 'index')

System.ArgumentOutOfRangeException: Index was out of range. Must be non-negative and less than the size of the collection. (Parameter 'index')
   at System.Collections.Generic.List`1.get_Item(Int32 index)
   at uTgAuto.Services.TelegramService.displayMessage(MessageBase messageBase) in U:\Dev\Both\uTgAuto\uTgAuto.Services\TelegramService.cs:line 407 | 
2023-06-10 23:56:22.7880|Error|SROCHNO!!! 0	1 | 
2023-06-10 23:56:22.7880|Error|Telegram.Service.displayMessage: [0] [System.Private.CoreLib]
	Index was out of range. Must be non-negative and less than the size of the collection. (Parameter 'index')

System.ArgumentOutOfRangeException: Index was out of range. Must be non-negative and less than the size of the collection. (Parameter 'index')
   at System.Collections.Generic.List`1.get_Item(Int32 index)
   at uTgAuto.Services.TelegramService.displayMessage(MessageBase messageBase) in U:\Dev\Both\uTgAuto\uTgAuto.Services\TelegramService.cs:line 407 | 
2023-06-10 23:56:24.6257|Error|SROCHNO!!! 0	1 | 
2023-06-10 23:56:24.6257|Error|Telegram.Service.displayMessage: [0] [System.Private.CoreLib]
	Index was out of range. Must be non-negative and less than the size of the collection. (Parameter 'index')

System.ArgumentOutOfRangeException: Index was out of range. Must be non-negative and less than the size of the collection. (Parameter 'index')
   at System.Collections.Generic.List`1.get_Item(Int32 index)
   at uTgAuto.Services.TelegramService.displayMessage(MessageBase messageBase) in U:\Dev\Both\uTgAuto\uTgAuto.Services\TelegramService.cs:line 407 | 
2023-06-10 23:56:26.0064|Error|SROCHNO!!! 0	1 | 
2023-06-10 23:56:26.0064|Error|Telegram.Service.displayMessage: [0] [System.Private.CoreLib]
	Index was out of range. Must be non-negative and less than the size of the collection. (Parameter 'index')

System.ArgumentOutOfRangeException: Index was out of range. Must be non-negative and less than the size of the collection. (Parameter 'index')
   at System.Collections.Generic.List`1.get_Item(Int32 index)
   at uTgAuto.Services.TelegramService.displayMessage(MessageBase messageBase) in U:\Dev\Both\uTgAuto\uTgAuto.Services\TelegramService.cs:line 407 | 
2023-06-10 23:57:01.2194|Warn|FLOOD ERROR. Wait for: X | 
2023-06-10 23:57:01.2481|Error|Telegram.Service.Connect: [0] [WTelegramClient]
	FLOOD_WAIT_X | 
2023-06-10 23:57:19.5407|Error|BotService.handleUpdateAsync: [258] [uTgAuto.Services]
	Object reference not set to an instance of an object. | 
2023-06-10 23:57:25.5944|Error|BotService.handleUpdateAsync: [452] [uTgAuto.Services]
	Object reference not set to an instance of an object. | 
2023-06-10 23:57:26.8330|Error|BotService.handleUpdateAsync: [452] [uTgAuto.Services]
	Object reference not set to an instance of an object. | 
2023-06-10 23:57:35.7498|Error|BotService.handleUpdateAsync: [452] [uTgAuto.Services]
	Object reference not set to an instance of an object. | 
2023-06-10 23:57:57.4827|Error|BotService.handleUpdateAsync: [452] [uTgAuto.Services]
	Object reference not set to an instance of an object. | 
2023-06-10 23:58:00.7077|Error|BotService.handleUpdateAsync: [452] [uTgAuto.Services]
	Object reference not set to an instance of an object. | 
2023-06-11 00:00:29.0612|Warn|FLOOD ERROR. Wait for: X | 
2023-06-11 00:00:29.0889|Error|Telegram.Service.Connect: [0] [WTelegramClient]
	FLOOD_WAIT_X | 
2023-06-11 00:27:15.0543|Warn|FLOOD ERROR. Wait for: X | 
2023-06-11 00:27:15.0821|Error|Telegram.Service.Connect: [0] [WTelegramClient]
	FLOOD_WAIT_X | 
2023-06-11 00:27:33.1339|Warn|FLOOD ERROR. Wait for: X | 
2023-06-11 00:27:33.1339|Error|Telegram.Service.Connect: [0] [WTelegramClient]
	FLOOD_WAIT_X | 
